<?xml version="1.0" encoding="UTF-8"?>
<!-- Generated by org.testng.reporters.JUnitXMLReporter -->
<testsuite hostname="DESKTOP-6Q8BLNR" ignored="0" name="Default test" tests="3" failures="0" timestamp="2020-03-28T17:55:19 IST" time="0.136" errors="0">
  <testcase name="testcase1" time="0.028" classname="com.testNG_BeforeGroups.BeforeGroupsExample"/>
  <testcase name="testcase2" time="0.004" classname="com.testNG_BeforeGroups.BeforeGroupsExample"/>
  <testcase name="testcase3" time="0.004" classname="com.testNG_BeforeGroups.BeforeGroupsExample"/>
</testsuite> <!-- Default test -->
