<?xml version="1.0" encoding="UTF-8"?>
<!-- Generated by org.testng.reporters.JUnitXMLReporter -->
<testsuite hostname="DESKTOP-6Q8BLNR" ignored="4" name="Second test" tests="2" failures="0" timestamp="2020-03-27T23:32:51 IST" time="0.094" errors="0">
  <testcase name="test4" time="0.026" classname="com.testNG_ParallelTests.TestNGMain"/>
  <testcase name="test5" time="0.005" classname="com.testNG_ParallelTests.TestNGMain"/>
  <testcase name="test2" time="0.0" classname="com.testNG_ParallelTests.TestNGMain">
    <ignored/>
  </testcase> <!-- test2 -->
  <testcase name="test1" time="0.0" classname="com.testNG_ParallelTests.TestNGMain">
    <ignored/>
  </testcase> <!-- test1 -->
  <testcase name="test3" time="0.0" classname="com.testNG_ParallelTests.TestNGMain">
    <ignored/>
  </testcase> <!-- test3 -->
  <testcase name="test6" time="0.0" classname="com.testNG_ParallelTests.TestNGMain">
    <ignored/>
  </testcase> <!-- test6 -->
</testsuite> <!-- Second test -->
