<?xml version="1.0" encoding="UTF-8"?>
<testng-results skipped="0" failed="0" ignored="0" total="3" passed="3">
  <reporter-output>
  </reporter-output>
  <suite name="Default suite" duration-ms="136" started-at="2020-03-28T17:55:19 IST" finished-at="2020-03-28T17:55:19 IST">
    <groups>
      <group name="IT Department">
        <method signature="BeforeGroupsExample.testcase1()[pri:0, instance:com.testNG_BeforeGroups.BeforeGroupsExample@2b2948e2]" name="testcase1" class="com.testNG_BeforeGroups.BeforeGroupsExample"/>
        <method signature="BeforeGroupsExample.testcase2()[pri:0, instance:com.testNG_BeforeGroups.BeforeGroupsExample@2b2948e2]" name="testcase2" class="com.testNG_BeforeGroups.BeforeGroupsExample"/>
      </group> <!-- IT Department -->
    </groups>
    <test name="Default test" duration-ms="136" started-at="2020-03-28T17:55:19 IST" finished-at="2020-03-28T17:55:19 IST">
      <class name="com.testNG_BeforeGroups.BeforeGroupsExample">
        <test-method status="PASS" signature="testcase1()[pri:0, instance:com.testNG_BeforeGroups.BeforeGroupsExample@2b2948e2]" name="testcase1" duration-ms="28" started-at="2020-03-28T17:55:19 IST" finished-at="2020-03-28T17:55:19 IST">
          <reporter-output>
          </reporter-output>
        </test-method> <!-- testcase1 -->
        <test-method status="PASS" signature="testcase2()[pri:0, instance:com.testNG_BeforeGroups.BeforeGroupsExample@2b2948e2]" name="testcase2" duration-ms="4" started-at="2020-03-28T17:55:19 IST" finished-at="2020-03-28T17:55:19 IST">
          <reporter-output>
          </reporter-output>
        </test-method> <!-- testcase2 -->
        <test-method status="PASS" signature="testcase3()[pri:0, instance:com.testNG_BeforeGroups.BeforeGroupsExample@2b2948e2]" name="testcase3" duration-ms="4" started-at="2020-03-28T17:55:19 IST" finished-at="2020-03-28T17:55:19 IST">
          <reporter-output>
          </reporter-output>
        </test-method> <!-- testcase3 -->
      </class> <!-- com.testNG_BeforeGroups.BeforeGroupsExample -->
    </test> <!-- Default test -->
  </suite> <!-- Default suite -->
</testng-results>
